\BOOKMARK [0][-]{chapter.1}{\376\377\0001\000\040\000l\000a\000b\0004\000-\000U\000A\000R\000T\000\137\000S\000P\000I}{}% 1
\BOOKMARK [0][-]{chapter.2}{\376\377\0002\000\040\000F\000i\000l\000e\000\040\000I\000n\000d\000e\000x}{}% 2
\BOOKMARK [1][-]{section.2.1}{\376\377\0002\000.\0001\000\040\000F\000i\000l\000e\000\040\000L\000i\000s\000t}{chapter.2}% 3
\BOOKMARK [0][-]{chapter.3}{\376\377\0003\000\040\000F\000i\000l\000e\000\040\000D\000o\000c\000u\000m\000e\000n\000t\000a\000t\000i\000o\000n}{}% 4
\BOOKMARK [1][-]{section.3.1}{\376\377\0003\000.\0001\000\040\000R\000E\000A\000D\000M\000E\000.\000m\000d\000\040\000F\000i\000l\000e\000\040\000R\000e\000f\000e\000r\000e\000n\000c\000e}{chapter.3}% 5
\BOOKMARK [1][-]{section.3.2}{\376\377\0003\000.\0002\000\040\000s\000r\000c\000/\000c\000o\000n\000f\000i\000g\000u\000r\000a\000t\000i\000o\000n\000\137\000b\000i\000t\000s\000.\000c\000\040\000F\000i\000l\000e\000\040\000R\000e\000f\000e\000r\000e\000n\000c\000e}{chapter.3}% 6
\BOOKMARK [1][-]{section.3.3}{\376\377\0003\000.\0003\000\040\000s\000r\000c\000/\000l\000a\000b\0004\000\137\000U\000A\000R\000T\000\137\000S\000P\000I\000.\000h\000\040\000F\000i\000l\000e\000\040\000R\000e\000f\000e\000r\000e\000n\000c\000e}{chapter.3}% 7
\BOOKMARK [2][-]{subsection.3.3.1}{\376\377\0003\000.\0003\000.\0001\000\040\000M\000a\000c\000r\000o\000\040\000D\000e\000f\000i\000n\000i\000t\000i\000o\000n\000\040\000D\000o\000c\000u\000m\000e\000n\000t\000a\000t\000i\000o\000n}{section.3.3}% 8
\BOOKMARK [3][-]{subsubsection.3.3.1.1}{\376\377\0003\000.\0003\000.\0001\000.\0001\000\040\000B\000T\000N\0001\000\137\000P\000O\000R\000T\000\137\000B\000I\000T}{subsection.3.3.1}% 9
\BOOKMARK [3][-]{subsubsection.3.3.1.2}{\376\377\0003\000.\0003\000.\0001\000.\0002\000\040\000B\000T\000N\0002\000\137\000P\000O\000R\000T\000\137\000B\000I\000T}{subsection.3.3.1}% 10
\BOOKMARK [3][-]{subsubsection.3.3.1.3}{\376\377\0003\000.\0003\000.\0001\000.\0003\000\040\000L\000D\0001\000\137\000P\000O\000R\000T\000\137\000B\000I\000T}{subsection.3.3.1}% 11
\BOOKMARK [3][-]{subsubsection.3.3.1.4}{\376\377\0003\000.\0003\000.\0001\000.\0004\000\040\000L\000D\0002\000\137\000P\000O\000R\000T\000\137\000B\000I\000T}{subsection.3.3.1}% 12
\BOOKMARK [3][-]{subsubsection.3.3.1.5}{\376\377\0003\000.\0003\000.\0001\000.\0005\000\040\000L\000D\0003\000\137\000P\000O\000R\000T\000\137\000B\000I\000T}{subsection.3.3.1}% 13
\BOOKMARK [3][-]{subsubsection.3.3.1.6}{\376\377\0003\000.\0003\000.\0001\000.\0006\000\040\000L\000D\0004\000\137\000P\000O\000R\000T\000\137\000B\000I\000T}{subsection.3.3.1}% 14
\BOOKMARK [3][-]{subsubsection.3.3.1.7}{\376\377\0003\000.\0003\000.\0001\000.\0007\000\040\000P\000W\000M\000\137\000F\000R\000E\000Q\000\137\000H\000Z}{subsection.3.3.1}% 15
\BOOKMARK [3][-]{subsubsection.3.3.1.8}{\376\377\0003\000.\0003\000.\0001\000.\0008\000\040\000P\000W\000M\000\137\000P\000E\000R\000I\000O\000D\000\137\000C\000O\000U\000N\000T\000S}{subsection.3.3.1}% 16
\BOOKMARK [3][-]{subsubsection.3.3.1.9}{\376\377\0003\000.\0003\000.\0001\000.\0009\000\040\000S\000E\000R\000V\000O\000\137\0000}{subsection.3.3.1}% 17
\BOOKMARK [3][-]{subsubsection.3.3.1.10}{\376\377\0003\000.\0003\000.\0001\000.\0001\0000\000\040\000S\000E\000R\000V\000O\000\137\0001\0008\0000}{subsection.3.3.1}% 18
\BOOKMARK [3][-]{subsubsection.3.3.1.11}{\376\377\0003\000.\0003\000.\0001\000.\0001\0001\000\040\000S\000E\000R\000V\000O\000\137\0009\0000}{subsection.3.3.1}% 19
\BOOKMARK [2][-]{subsection.3.3.2}{\376\377\0003\000.\0003\000.\0002\000\040\000F\000u\000n\000c\000t\000i\000o\000n\000\040\000D\000o\000c\000u\000m\000e\000n\000t\000a\000t\000i\000o\000n}{section.3.3}% 20
\BOOKMARK [3][-]{subsubsection.3.3.2.1}{\376\377\0003\000.\0003\000.\0002\000.\0001\000\040\000d\000e\000l\000a\000y\000M\000s\000\050\000\051}{subsection.3.3.2}% 21
\BOOKMARK [3][-]{subsubsection.3.3.2.2}{\376\377\0003\000.\0003\000.\0002\000.\0002\000\040\000i\000n\000i\000t\000G\000P\000I\000O\000\050\000\051}{subsection.3.3.2}% 22
\BOOKMARK [3][-]{subsubsection.3.3.2.3}{\376\377\0003\000.\0003\000.\0002\000.\0003\000\040\000s\000e\000t\000\137\000a\000n\000g\000l\000e\000\050\000\051}{subsection.3.3.2}% 23
\BOOKMARK [3][-]{subsubsection.3.3.2.4}{\376\377\0003\000.\0003\000.\0002\000.\0004\000\040\000U\000A\000R\000T\0004\000\137\000i\000n\000i\000t\000\050\000\051}{subsection.3.3.2}% 24
\BOOKMARK [1][-]{section.3.4}{\376\377\0003\000.\0004\000\040\000s\000r\000c\000/\000m\000a\000i\000n\000.\000c\000\040\000F\000i\000l\000e\000\040\000R\000e\000f\000e\000r\000e\000n\000c\000e}{chapter.3}% 25
\BOOKMARK [2][-]{subsection.3.4.1}{\376\377\0003\000.\0004\000.\0001\000\040\000D\000e\000t\000a\000i\000l\000e\000d\000\040\000D\000e\000s\000c\000r\000i\000p\000t\000i\000o\000n}{section.3.4}% 26
\BOOKMARK [2][-]{subsection.3.4.2}{\376\377\0003\000.\0004\000.\0002\000\040\000F\000u\000n\000c\000t\000i\000o\000n\000\040\000D\000o\000c\000u\000m\000e\000n\000t\000a\000t\000i\000o\000n}{section.3.4}% 27
\BOOKMARK [3][-]{subsubsection.3.4.2.1}{\376\377\0003\000.\0004\000.\0002\000.\0001\000\040\000m\000a\000i\000n\000\050\000\051}{subsection.3.4.2}% 28
\BOOKMARK [1][-]{section.3.5}{\376\377\0003\000.\0005\000\040\000s\000r\000c\000/\000O\000L\000E\000D\000/\000C\000h\000r\000F\000o\000n\000t\0000\000.\000c\000\040\000F\000i\000l\000e\000\040\000R\000e\000f\000e\000r\000e\000n\000c\000e}{chapter.3}% 29
\BOOKMARK [2][-]{subsection.3.5.1}{\376\377\0003\000.\0005\000.\0001\000\040\000V\000a\000r\000i\000a\000b\000l\000e\000\040\000D\000o\000c\000u\000m\000e\000n\000t\000a\000t\000i\000o\000n}{section.3.5}% 30
\BOOKMARK [3][-]{subsubsection.3.5.1.1}{\376\377\0003\000.\0005\000.\0001\000.\0001\000\040\000r\000g\000b\000O\000l\000e\000d\000F\000o\000n\000t\0000}{subsection.3.5.1}% 31
\BOOKMARK [1][-]{section.3.6}{\376\377\0003\000.\0006\000\040\000s\000r\000c\000/\000O\000L\000E\000D\000/\000F\000i\000l\000l\000P\000a\000t\000.\000c\000\040\000F\000i\000l\000e\000\040\000R\000e\000f\000e\000r\000e\000n\000c\000e}{chapter.3}% 32
\BOOKMARK [2][-]{subsection.3.6.1}{\376\377\0003\000.\0006\000.\0001\000\040\000V\000a\000r\000i\000a\000b\000l\000e\000\040\000D\000o\000c\000u\000m\000e\000n\000t\000a\000t\000i\000o\000n}{section.3.6}% 33
\BOOKMARK [3][-]{subsubsection.3.6.1.1}{\376\377\0003\000.\0006\000.\0001\000.\0001\000\040\000r\000g\000b\000F\000i\000l\000l\000P\000a\000t}{subsection.3.6.1}% 34
\BOOKMARK [1][-]{section.3.7}{\376\377\0003\000.\0007\000\040\000s\000r\000c\000/\000O\000L\000E\000D\000/\000O\000L\000E\000D\000.\000c\000\040\000F\000i\000l\000e\000\040\000R\000e\000f\000e\000r\000e\000n\000c\000e}{chapter.3}% 35
\BOOKMARK [2][-]{subsection.3.7.1}{\376\377\0003\000.\0007\000.\0001\000\040\000M\000a\000c\000r\000o\000\040\000D\000e\000f\000i\000n\000i\000t\000i\000o\000n\000\040\000D\000o\000c\000u\000m\000e\000n\000t\000a\000t\000i\000o\000n}{section.3.7}% 36
\BOOKMARK [3][-]{subsubsection.3.7.1.1}{\376\377\0003\000.\0007\000.\0001\000.\0001\000\040\000c\000m\000d\000O\000l\000e\000d\000C\000o\000m\000C\000o\000n\000f\000i\000g}{subsection.3.7.1}% 37
\BOOKMARK [3][-]{subsubsection.3.7.1.2}{\376\377\0003\000.\0007\000.\0001\000.\0002\000\040\000c\000m\000d\000O\000l\000e\000d\000C\000o\000m\000D\000i\000r}{subsection.3.7.1}% 38
\BOOKMARK [3][-]{subsubsection.3.7.1.3}{\376\377\0003\000.\0007\000.\0001\000.\0003\000\040\000c\000m\000d\000O\000l\000e\000d\000D\000i\000s\000p\000l\000a\000y\000O\000f\000f}{subsection.3.7.1}% 39
\BOOKMARK [3][-]{subsubsection.3.7.1.4}{\376\377\0003\000.\0007\000.\0001\000.\0004\000\040\000c\000m\000d\000O\000l\000e\000d\000D\000i\000s\000p\000l\000a\000y\000O\000n}{subsection.3.7.1}% 40
\BOOKMARK [3][-]{subsubsection.3.7.1.5}{\376\377\0003\000.\0007\000.\0001\000.\0005\000\040\000c\000m\000d\000O\000l\000e\000d\000S\000e\000g\000R\000e\000m\000a\000p}{subsection.3.7.1}% 41
\BOOKMARK [2][-]{subsection.3.7.2}{\376\377\0003\000.\0007\000.\0002\000\040\000F\000u\000n\000c\000t\000i\000o\000n\000\040\000D\000o\000c\000u\000m\000e\000n\000t\000a\000t\000i\000o\000n}{section.3.7}% 42
\BOOKMARK [3][-]{subsubsection.3.7.2.1}{\376\377\0003\000.\0007\000.\0002\000.\0001\000\040\000O\000l\000e\000d\000D\000e\000v\000T\000e\000r\000m\000\050\000\051}{subsection.3.7.2}% 43
\BOOKMARK [3][-]{subsubsection.3.7.2.2}{\376\377\0003\000.\0007\000.\0002\000.\0002\000\040\000O\000l\000e\000d\000D\000s\000p\000I\000n\000i\000t\000\050\000\051}{subsection.3.7.2}% 44
\BOOKMARK [3][-]{subsubsection.3.7.2.3}{\376\377\0003\000.\0007\000.\0002\000.\0003\000\040\000O\000l\000e\000d\000D\000v\000r\000I\000n\000i\000t\000\050\000\051}{subsection.3.7.2}% 45
\BOOKMARK [3][-]{subsubsection.3.7.2.4}{\376\377\0003\000.\0007\000.\0002\000.\0004\000\040\000O\000l\000e\000d\000H\000o\000s\000t\000I\000n\000i\000t\000\050\000\051}{subsection.3.7.2}% 46
\BOOKMARK [3][-]{subsubsection.3.7.2.5}{\376\377\0003\000.\0007\000.\0002\000.\0005\000\040\000O\000l\000e\000d\000H\000o\000s\000t\000T\000e\000r\000m\000\050\000\051}{subsection.3.7.2}% 47
\BOOKMARK [3][-]{subsubsection.3.7.2.6}{\376\377\0003\000.\0007\000.\0002\000.\0006\000\040\000O\000l\000e\000d\000U\000p\000d\000a\000t\000e\000\050\000\051}{subsection.3.7.2}% 48
\BOOKMARK [2][-]{subsection.3.7.3}{\376\377\0003\000.\0007\000.\0003\000\040\000V\000a\000r\000i\000a\000b\000l\000e\000\040\000D\000o\000c\000u\000m\000e\000n\000t\000a\000t\000i\000o\000n}{section.3.7}% 49
\BOOKMARK [3][-]{subsubsection.3.7.3.1}{\376\377\0003\000.\0007\000.\0003\000.\0001\000\040\000b\000n\000O\000l\000e\000d\000C\000u\000r}{subsection.3.7.3}% 50
\BOOKMARK [3][-]{subsubsection.3.7.3.2}{\376\377\0003\000.\0007\000.\0003\000.\0002\000\040\000c\000l\000r\000O\000l\000e\000d\000C\000u\000r}{subsection.3.7.3}% 51
\BOOKMARK [3][-]{subsubsection.3.7.3.3}{\376\377\0003\000.\0007\000.\0003\000.\0003\000\040\000d\000x\000c\000o\000O\000l\000e\000d\000F\000o\000n\000t\000C\000u\000r}{subsection.3.7.3}% 52
\BOOKMARK [3][-]{subsubsection.3.7.3.4}{\376\377\0003\000.\0007\000.\0003\000.\0004\000\040\000d\000y\000c\000o\000O\000l\000e\000d\000F\000o\000n\000t\000C\000u\000r}{subsection.3.7.3}% 53
\BOOKMARK [3][-]{subsubsection.3.7.3.5}{\376\377\0003\000.\0007\000.\0003\000.\0005\000\040\000f\000O\000l\000e\000d\000C\000h\000a\000r\000U\000p\000d\000a\000t\000e}{subsection.3.7.3}% 54
\BOOKMARK [3][-]{subsubsection.3.7.3.6}{\376\377\0003\000.\0007\000.\0003\000.\0006\000\040\000p\000b\000O\000l\000e\000d\000C\000u\000r}{subsection.3.7.3}% 55
\BOOKMARK [3][-]{subsubsection.3.7.3.7}{\376\377\0003\000.\0007\000.\0003\000.\0007\000\040\000p\000b\000O\000l\000e\000d\000F\000o\000n\000t\000C\000u\000r}{subsection.3.7.3}% 56
\BOOKMARK [3][-]{subsubsection.3.7.3.8}{\376\377\0003\000.\0007\000.\0003\000.\0008\000\040\000p\000b\000O\000l\000e\000d\000F\000o\000n\000t\000U\000s\000e\000r}{subsection.3.7.3}% 57
\BOOKMARK [3][-]{subsubsection.3.7.3.9}{\376\377\0003\000.\0007\000.\0003\000.\0009\000\040\000p\000b\000O\000l\000e\000d\000P\000a\000t\000C\000u\000r}{subsection.3.7.3}% 58
\BOOKMARK [3][-]{subsubsection.3.7.3.10}{\376\377\0003\000.\0007\000.\0003\000.\0001\0000\000\040\000r\000g\000b\000F\000i\000l\000l\000P\000a\000t}{subsection.3.7.3}% 59
\BOOKMARK [3][-]{subsubsection.3.7.3.11}{\376\377\0003\000.\0007\000.\0003\000.\0001\0001\000\040\000r\000g\000b\000O\000l\000e\000d\000F\000o\000n\000t\0000}{subsection.3.7.3}% 60
\BOOKMARK [3][-]{subsubsection.3.7.3.12}{\376\377\0003\000.\0007\000.\0003\000.\0001\0002\000\040\000r\000g\000b\000O\000l\000e\000d\000F\000o\000n\000t\000U\000s\000e\000r}{subsection.3.7.3}% 61
\BOOKMARK [3][-]{subsubsection.3.7.3.13}{\376\377\0003\000.\0007\000.\0003\000.\0001\0003\000\040\000x\000c\000h\000O\000l\000e\000d\000M\000a\000x}{subsection.3.7.3}% 62
\BOOKMARK [3][-]{subsubsection.3.7.3.14}{\376\377\0003\000.\0007\000.\0003\000.\0001\0004\000\040\000x\000c\000o\000O\000l\000e\000d\000C\000u\000r}{subsection.3.7.3}% 63
\BOOKMARK [3][-]{subsubsection.3.7.3.15}{\376\377\0003\000.\0007\000.\0003\000.\0001\0005\000\040\000y\000c\000h\000O\000l\000e\000d\000M\000a\000x}{subsection.3.7.3}% 64
\BOOKMARK [3][-]{subsubsection.3.7.3.16}{\376\377\0003\000.\0007\000.\0003\000.\0001\0006\000\040\000y\000c\000o\000O\000l\000e\000d\000C\000u\000r}{subsection.3.7.3}% 65
\BOOKMARK [1][-]{section.3.8}{\376\377\0003\000.\0008\000\040\000s\000r\000c\000/\000O\000L\000E\000D\000/\000O\000L\000E\000D\000.\000h\000\040\000F\000i\000l\000e\000\040\000R\000e\000f\000e\000r\000e\000n\000c\000e}{chapter.3}% 66
\BOOKMARK [2][-]{subsection.3.8.1}{\376\377\0003\000.\0008\000.\0001\000\040\000M\000a\000c\000r\000o\000\040\000D\000e\000f\000i\000n\000i\000t\000i\000o\000n\000\040\000D\000o\000c\000u\000m\000e\000n\000t\000a\000t\000i\000o\000n}{section.3.8}% 67
\BOOKMARK [3][-]{subsubsection.3.8.1.1}{\376\377\0003\000.\0008\000.\0001\000.\0001\000\040\000b\000i\000t\000D\000a\000t\000a\000C\000m\000d}{subsection.3.8.1}% 68
\BOOKMARK [3][-]{subsubsection.3.8.1.2}{\376\377\0003\000.\0008\000.\0001\000.\0002\000\040\000b\000i\000t\000R\000e\000s\000e\000t}{subsection.3.8.1}% 69
\BOOKMARK [3][-]{subsubsection.3.8.1.3}{\376\377\0003\000.\0008\000.\0001\000.\0003\000\040\000b\000i\000t\000V\000b\000a\000t\000C\000t\000r\000l}{subsection.3.8.1}% 70
\BOOKMARK [3][-]{subsubsection.3.8.1.4}{\376\377\0003\000.\0008\000.\0001\000.\0004\000\040\000b\000i\000t\000V\000d\000d\000C\000t\000r\000l}{subsection.3.8.1}% 71
\BOOKMARK [3][-]{subsubsection.3.8.1.5}{\376\377\0003\000.\0008\000.\0001\000.\0005\000\040\000c\000b\000O\000l\000e\000d\000C\000h\000a\000r}{subsection.3.8.1}% 72
\BOOKMARK [3][-]{subsubsection.3.8.1.6}{\376\377\0003\000.\0008\000.\0001\000.\0006\000\040\000c\000b\000O\000l\000e\000d\000D\000i\000s\000p\000M\000a\000x}{subsection.3.8.1}% 73
\BOOKMARK [3][-]{subsubsection.3.8.1.7}{\376\377\0003\000.\0008\000.\0001\000.\0007\000\040\000c\000b\000O\000l\000e\000d\000F\000o\000n\000t\000U\000s\000e\000r}{subsection.3.8.1}% 74
\BOOKMARK [3][-]{subsubsection.3.8.1.8}{\376\377\0003\000.\0008\000.\0001\000.\0008\000\040\000c\000c\000o\000l\000O\000l\000e\000d\000M\000a\000x}{subsection.3.8.1}% 75
\BOOKMARK [3][-]{subsubsection.3.8.1.9}{\376\377\0003\000.\0008\000.\0001\000.\0009\000\040\000c\000h\000O\000l\000e\000d\000U\000s\000e\000r\000M\000a\000x}{subsection.3.8.1}% 76
\BOOKMARK [3][-]{subsubsection.3.8.1.10}{\376\377\0003\000.\0008\000.\0001\000.\0001\0000\000\040\000c\000p\000a\000g\000O\000l\000e\000d\000M\000a\000x}{subsection.3.8.1}% 77
\BOOKMARK [3][-]{subsubsection.3.8.1.11}{\376\377\0003\000.\0008\000.\0001\000.\0001\0001\000\040\000c\000r\000o\000w\000O\000l\000e\000d\000M\000a\000x}{subsection.3.8.1}% 78
\BOOKMARK [3][-]{subsubsection.3.8.1.12}{\376\377\0003\000.\0008\000.\0001\000.\0001\0002\000\040\000M\000A\000S\000K}{subsection.3.8.1}% 79
\BOOKMARK [3][-]{subsubsection.3.8.1.13}{\376\377\0003\000.\0008\000.\0001\000.\0001\0003\000\040\000m\000o\000d\000O\000l\000e\000d\000A\000n\000d}{subsection.3.8.1}% 80
\BOOKMARK [3][-]{subsubsection.3.8.1.14}{\376\377\0003\000.\0008\000.\0001\000.\0001\0004\000\040\000m\000o\000d\000O\000l\000e\000d\000O\000r}{subsection.3.8.1}% 81
\BOOKMARK [3][-]{subsubsection.3.8.1.15}{\376\377\0003\000.\0008\000.\0001\000.\0001\0005\000\040\000m\000o\000d\000O\000l\000e\000d\000S\000e\000t}{subsection.3.8.1}% 82
\BOOKMARK [3][-]{subsubsection.3.8.1.16}{\376\377\0003\000.\0008\000.\0001\000.\0001\0006\000\040\000m\000o\000d\000O\000l\000e\000d\000X\000o\000r}{subsection.3.8.1}% 83
\BOOKMARK [3][-]{subsubsection.3.8.1.17}{\376\377\0003\000.\0008\000.\0001\000.\0001\0007\000\040\000p\000r\000t\000D\000a\000t\000a\000C\000m\000d}{subsection.3.8.1}% 84
\BOOKMARK [3][-]{subsubsection.3.8.1.18}{\376\377\0003\000.\0008\000.\0001\000.\0001\0008\000\040\000p\000r\000t\000R\000e\000s\000e\000t}{subsection.3.8.1}% 85
\BOOKMARK [3][-]{subsubsection.3.8.1.19}{\376\377\0003\000.\0008\000.\0001\000.\0001\0009\000\040\000p\000r\000t\000V\000b\000a\000t\000C\000t\000r\000l}{subsection.3.8.1}% 86
\BOOKMARK [3][-]{subsubsection.3.8.1.20}{\376\377\0003\000.\0008\000.\0001\000.\0002\0000\000\040\000p\000r\000t\000V\000d\000d\000C\000t\000r\000l}{subsection.3.8.1}% 87
\BOOKMARK [2][-]{subsection.3.8.2}{\376\377\0003\000.\0008\000.\0002\000\040\000T\000y\000p\000e\000d\000e\000f\000\040\000D\000o\000c\000u\000m\000e\000n\000t\000a\000t\000i\000o\000n}{section.3.8}% 88
\BOOKMARK [3][-]{subsubsection.3.8.2.1}{\376\377\0003\000.\0008\000.\0002\000.\0001\000\040\000B\000Y\000T\000E}{subsection.3.8.2}% 89
\BOOKMARK [2][-]{subsection.3.8.3}{\376\377\0003\000.\0008\000.\0003\000\040\000F\000u\000n\000c\000t\000i\000o\000n\000\040\000D\000o\000c\000u\000m\000e\000n\000t\000a\000t\000i\000o\000n}{section.3.8}% 90
\BOOKMARK [3][-]{subsubsection.3.8.3.1}{\376\377\0003\000.\0008\000.\0003\000.\0001\000\040\000O\000l\000e\000d\000C\000l\000e\000a\000r\000\050\000\051}{subsection.3.8.3}% 91
\BOOKMARK [3][-]{subsubsection.3.8.3.2}{\376\377\0003\000.\0008\000.\0003\000.\0002\000\040\000O\000l\000e\000d\000C\000l\000e\000a\000r\000B\000u\000f\000f\000e\000r\000\050\000\051}{subsection.3.8.3}% 92
\BOOKMARK [3][-]{subsubsection.3.8.3.3}{\376\377\0003\000.\0008\000.\0003\000.\0003\000\040\000O\000l\000e\000d\000D\000i\000s\000p\000l\000a\000y\000O\000f\000f\000\050\000\051}{subsection.3.8.3}% 93
\BOOKMARK [3][-]{subsubsection.3.8.3.4}{\376\377\0003\000.\0008\000.\0003\000.\0004\000\040\000O\000l\000e\000d\000D\000i\000s\000p\000l\000a\000y\000O\000n\000\050\000\051}{subsection.3.8.3}% 94
\BOOKMARK [3][-]{subsubsection.3.8.3.5}{\376\377\0003\000.\0008\000.\0003\000.\0005\000\040\000O\000l\000e\000d\000D\000v\000r\000I\000n\000i\000t\000\050\000\051}{subsection.3.8.3}% 95
\BOOKMARK [3][-]{subsubsection.3.8.3.6}{\376\377\0003\000.\0008\000.\0003\000.\0006\000\040\000O\000l\000e\000d\000I\000n\000i\000t\000\050\000\051}{subsection.3.8.3}% 96
\BOOKMARK [3][-]{subsubsection.3.8.3.7}{\376\377\0003\000.\0008\000.\0003\000.\0007\000\040\000O\000l\000e\000d\000T\000e\000r\000m\000\050\000\051}{subsection.3.8.3}% 97
\BOOKMARK [3][-]{subsubsection.3.8.3.8}{\376\377\0003\000.\0008\000.\0003\000.\0008\000\040\000O\000l\000e\000d\000U\000p\000d\000a\000t\000e\000\050\000\051}{subsection.3.8.3}% 98
\BOOKMARK [2][-]{subsection.3.8.4}{\376\377\0003\000.\0008\000.\0004\000\040\000V\000a\000r\000i\000a\000b\000l\000e\000\040\000D\000o\000c\000u\000m\000e\000n\000t\000a\000t\000i\000o\000n}{section.3.8}% 99
\BOOKMARK [3][-]{subsubsection.3.8.4.1}{\376\377\0003\000.\0008\000.\0004\000.\0001\000\040\000r\000g\000b\000O\000l\000e\000d\000B\000m\000p}{subsection.3.8.4}% 100
\BOOKMARK [1][-]{section.3.9}{\376\377\0003\000.\0009\000\040\000s\000r\000c\000/\000O\000L\000E\000D\000/\000O\000l\000e\000d\000C\000h\000a\000r\000.\000c\000\040\000F\000i\000l\000e\000\040\000R\000e\000f\000e\000r\000e\000n\000c\000e}{chapter.3}% 101
\BOOKMARK [2][-]{subsection.3.9.1}{\376\377\0003\000.\0009\000.\0001\000\040\000F\000u\000n\000c\000t\000i\000o\000n\000\040\000D\000o\000c\000u\000m\000e\000n\000t\000a\000t\000i\000o\000n}{section.3.9}% 102
\BOOKMARK [3][-]{subsubsection.3.9.1.1}{\376\377\0003\000.\0009\000.\0001\000.\0001\000\040\000O\000l\000e\000d\000A\000d\000v\000a\000n\000c\000e\000C\000u\000r\000s\000o\000r\000\050\000\051}{subsection.3.9.1}% 103
\BOOKMARK [3][-]{subsubsection.3.9.1.2}{\376\377\0003\000.\0009\000.\0001\000.\0002\000\040\000O\000l\000e\000d\000D\000e\000f\000U\000s\000e\000r\000C\000h\000a\000r\000\050\000\051}{subsection.3.9.1}% 104
\BOOKMARK [3][-]{subsubsection.3.9.1.3}{\376\377\0003\000.\0009\000.\0001\000.\0003\000\040\000O\000l\000e\000d\000D\000r\000a\000w\000G\000l\000y\000p\000h\000\050\000\051}{subsection.3.9.1}% 105
\BOOKMARK [3][-]{subsubsection.3.9.1.4}{\376\377\0003\000.\0009\000.\0001\000.\0004\000\040\000O\000l\000e\000d\000G\000e\000t\000C\000h\000a\000r\000U\000p\000d\000a\000t\000e\000\050\000\051}{subsection.3.9.1}% 106
\BOOKMARK [3][-]{subsubsection.3.9.1.5}{\376\377\0003\000.\0009\000.\0001\000.\0005\000\040\000O\000l\000e\000d\000G\000e\000t\000C\000u\000r\000s\000o\000r\000\050\000\051}{subsection.3.9.1}% 107
\BOOKMARK [3][-]{subsubsection.3.9.1.6}{\376\377\0003\000.\0009\000.\0001\000.\0006\000\040\000O\000l\000e\000d\000P\000u\000t\000C\000h\000a\000r\000\050\000\051}{subsection.3.9.1}% 108
\BOOKMARK [3][-]{subsubsection.3.9.1.7}{\376\377\0003\000.\0009\000.\0001\000.\0007\000\040\000O\000l\000e\000d\000P\000u\000t\000S\000t\000r\000i\000n\000g\000\050\000\051}{subsection.3.9.1}% 109
\BOOKMARK [3][-]{subsubsection.3.9.1.8}{\376\377\0003\000.\0009\000.\0001\000.\0008\000\040\000O\000l\000e\000d\000S\000e\000t\000C\000h\000a\000r\000U\000p\000d\000a\000t\000e\000\050\000\051}{subsection.3.9.1}% 110
\BOOKMARK [3][-]{subsubsection.3.9.1.9}{\376\377\0003\000.\0009\000.\0001\000.\0009\000\040\000O\000l\000e\000d\000S\000e\000t\000C\000u\000r\000s\000o\000r\000\050\000\051}{subsection.3.9.1}% 111
\BOOKMARK [2][-]{subsection.3.9.2}{\376\377\0003\000.\0009\000.\0002\000\040\000V\000a\000r\000i\000a\000b\000l\000e\000\040\000D\000o\000c\000u\000m\000e\000n\000t\000a\000t\000i\000o\000n}{section.3.9}% 112
\BOOKMARK [3][-]{subsubsection.3.9.2.1}{\376\377\0003\000.\0009\000.\0002\000.\0001\000\040\000b\000n\000O\000l\000e\000d\000C\000u\000r}{subsection.3.9.2}% 113
\BOOKMARK [3][-]{subsubsection.3.9.2.2}{\376\377\0003\000.\0009\000.\0002\000.\0002\000\040\000d\000x\000c\000o\000O\000l\000e\000d\000F\000o\000n\000t\000C\000u\000r}{subsection.3.9.2}% 114
\BOOKMARK [3][-]{subsubsection.3.9.2.3}{\376\377\0003\000.\0009\000.\0002\000.\0003\000\040\000d\000y\000c\000o\000O\000l\000e\000d\000F\000o\000n\000t\000C\000u\000r}{subsection.3.9.2}% 115
\BOOKMARK [3][-]{subsubsection.3.9.2.4}{\376\377\0003\000.\0009\000.\0002\000.\0004\000\040\000f\000O\000l\000e\000d\000C\000h\000a\000r\000U\000p\000d\000a\000t\000e}{subsection.3.9.2}% 116
\BOOKMARK [3][-]{subsubsection.3.9.2.5}{\376\377\0003\000.\0009\000.\0002\000.\0005\000\040\000m\000s\000k\000O\000l\000e\000d\000C\000u\000r}{subsection.3.9.2}% 117
\BOOKMARK [3][-]{subsubsection.3.9.2.6}{\376\377\0003\000.\0009\000.\0002\000.\0006\000\040\000p\000b\000O\000l\000e\000d\000C\000u\000r}{subsection.3.9.2}% 118
\BOOKMARK [3][-]{subsubsection.3.9.2.7}{\376\377\0003\000.\0009\000.\0002\000.\0007\000\040\000p\000b\000O\000l\000e\000d\000F\000o\000n\000t\000C\000u\000r}{subsection.3.9.2}% 119
\BOOKMARK [3][-]{subsubsection.3.9.2.8}{\376\377\0003\000.\0009\000.\0002\000.\0008\000\040\000p\000b\000O\000l\000e\000d\000F\000o\000n\000t\000E\000x\000t}{subsection.3.9.2}% 120
\BOOKMARK [3][-]{subsubsection.3.9.2.9}{\376\377\0003\000.\0009\000.\0002\000.\0009\000\040\000p\000b\000O\000l\000e\000d\000F\000o\000n\000t\000U\000s\000e\000r}{subsection.3.9.2}% 121
\BOOKMARK [3][-]{subsubsection.3.9.2.10}{\376\377\0003\000.\0009\000.\0002\000.\0001\0000\000\040\000r\000g\000b\000O\000l\000e\000d\000B\000m\000p}{subsection.3.9.2}% 122
\BOOKMARK [3][-]{subsubsection.3.9.2.11}{\376\377\0003\000.\0009\000.\0002\000.\0001\0001\000\040\000r\000g\000b\000O\000l\000e\000d\000F\000o\000n\000t\000U\000s\000e\000r}{subsection.3.9.2}% 123
\BOOKMARK [3][-]{subsubsection.3.9.2.12}{\376\377\0003\000.\0009\000.\0002\000.\0001\0002\000\040\000x\000c\000h\000O\000l\000e\000d\000C\000u\000r}{subsection.3.9.2}% 124
\BOOKMARK [3][-]{subsubsection.3.9.2.13}{\376\377\0003\000.\0009\000.\0002\000.\0001\0003\000\040\000x\000c\000h\000O\000l\000e\000d\000M\000a\000x}{subsection.3.9.2}% 125
\BOOKMARK [3][-]{subsubsection.3.9.2.14}{\376\377\0003\000.\0009\000.\0002\000.\0001\0004\000\040\000x\000c\000o\000O\000l\000e\000d\000C\000u\000r}{subsection.3.9.2}% 126
\BOOKMARK [3][-]{subsubsection.3.9.2.15}{\376\377\0003\000.\0009\000.\0002\000.\0001\0005\000\040\000y\000c\000h\000O\000l\000e\000d\000C\000u\000r}{subsection.3.9.2}% 127
\BOOKMARK [3][-]{subsubsection.3.9.2.16}{\376\377\0003\000.\0009\000.\0002\000.\0001\0006\000\040\000y\000c\000h\000O\000l\000e\000d\000M\000a\000x}{subsection.3.9.2}% 128
\BOOKMARK [3][-]{subsubsection.3.9.2.17}{\376\377\0003\000.\0009\000.\0002\000.\0001\0007\000\040\000y\000c\000o\000O\000l\000e\000d\000C\000u\000r}{subsection.3.9.2}% 129
\BOOKMARK [1][-]{section.3.10}{\376\377\0003\000.\0001\0000\000\040\000s\000r\000c\000/\000O\000L\000E\000D\000/\000O\000l\000e\000d\000C\000h\000a\000r\000.\000h\000\040\000F\000i\000l\000e\000\040\000R\000e\000f\000e\000r\000e\000n\000c\000e}{chapter.3}% 130
\BOOKMARK [2][-]{subsection.3.10.1}{\376\377\0003\000.\0001\0000\000.\0001\000\040\000F\000u\000n\000c\000t\000i\000o\000n\000\040\000D\000o\000c\000u\000m\000e\000n\000t\000a\000t\000i\000o\000n}{section.3.10}% 131
\BOOKMARK [3][-]{subsubsection.3.10.1.1}{\376\377\0003\000.\0001\0000\000.\0001\000.\0001\000\040\000O\000l\000e\000d\000D\000e\000f\000U\000s\000e\000r\000C\000h\000a\000r\000\050\000\051}{subsection.3.10.1}% 132
\BOOKMARK [3][-]{subsubsection.3.10.1.2}{\376\377\0003\000.\0001\0000\000.\0001\000.\0002\000\040\000O\000l\000e\000d\000G\000e\000t\000C\000h\000a\000r\000U\000p\000d\000a\000t\000e\000\050\000\051}{subsection.3.10.1}% 133
\BOOKMARK [3][-]{subsubsection.3.10.1.3}{\376\377\0003\000.\0001\0000\000.\0001\000.\0003\000\040\000O\000l\000e\000d\000G\000e\000t\000C\000u\000r\000s\000o\000r\000\050\000\051}{subsection.3.10.1}% 134
\BOOKMARK [3][-]{subsubsection.3.10.1.4}{\376\377\0003\000.\0001\0000\000.\0001\000.\0004\000\040\000O\000l\000e\000d\000P\000u\000t\000C\000h\000a\000r\000\050\000\051}{subsection.3.10.1}% 135
\BOOKMARK [3][-]{subsubsection.3.10.1.5}{\376\377\0003\000.\0001\0000\000.\0001\000.\0005\000\040\000O\000l\000e\000d\000P\000u\000t\000S\000t\000r\000i\000n\000g\000\050\000\051}{subsection.3.10.1}% 136
\BOOKMARK [3][-]{subsubsection.3.10.1.6}{\376\377\0003\000.\0001\0000\000.\0001\000.\0006\000\040\000O\000l\000e\000d\000S\000e\000t\000C\000h\000a\000r\000U\000p\000d\000a\000t\000e\000\050\000\051}{subsection.3.10.1}% 137
\BOOKMARK [3][-]{subsubsection.3.10.1.7}{\376\377\0003\000.\0001\0000\000.\0001\000.\0007\000\040\000O\000l\000e\000d\000S\000e\000t\000C\000u\000r\000s\000o\000r\000\050\000\051}{subsection.3.10.1}% 138
\BOOKMARK [1][-]{section.3.11}{\376\377\0003\000.\0001\0001\000\040\000s\000r\000c\000/\000O\000L\000E\000D\000/\000O\000l\000e\000d\000G\000r\000p\000h\000.\000c\000\040\000F\000i\000l\000e\000\040\000R\000e\000f\000e\000r\000e\000n\000c\000e}{chapter.3}% 139
\BOOKMARK [2][-]{subsection.3.11.1}{\376\377\0003\000.\0001\0001\000.\0001\000\040\000F\000u\000n\000c\000t\000i\000o\000n\000\040\000D\000o\000c\000u\000m\000e\000n\000t\000a\000t\000i\000o\000n}{section.3.11}% 140
\BOOKMARK [3][-]{subsubsection.3.11.1.1}{\376\377\0003\000.\0001\0001\000.\0001\000.\0001\000\040\000O\000l\000e\000d\000C\000l\000a\000m\000p\000X\000c\000o\000\050\000\051}{subsection.3.11.1}% 141
\BOOKMARK [3][-]{subsubsection.3.11.1.2}{\376\377\0003\000.\0001\0001\000.\0001\000.\0002\000\040\000O\000l\000e\000d\000C\000l\000a\000m\000p\000Y\000c\000o\000\050\000\051}{subsection.3.11.1}% 142
\BOOKMARK [3][-]{subsubsection.3.11.1.3}{\376\377\0003\000.\0001\0001\000.\0001\000.\0003\000\040\000O\000l\000e\000d\000D\000r\000a\000w\000C\000h\000a\000r\000\050\000\051}{subsection.3.11.1}% 143
\BOOKMARK [3][-]{subsubsection.3.11.1.4}{\376\377\0003\000.\0001\0001\000.\0001\000.\0004\000\040\000O\000l\000e\000d\000D\000r\000a\000w\000P\000i\000x\000e\000l\000\050\000\051}{subsection.3.11.1}% 144
\BOOKMARK [3][-]{subsubsection.3.11.1.5}{\376\377\0003\000.\0001\0001\000.\0001\000.\0005\000\040\000O\000l\000e\000d\000D\000r\000a\000w\000R\000e\000c\000t\000\050\000\051}{subsection.3.11.1}% 145
\BOOKMARK [3][-]{subsubsection.3.11.1.6}{\376\377\0003\000.\0001\0001\000.\0001\000.\0006\000\040\000O\000l\000e\000d\000D\000r\000a\000w\000S\000t\000r\000i\000n\000g\000\050\000\051}{subsection.3.11.1}% 146
\BOOKMARK [3][-]{subsubsection.3.11.1.7}{\376\377\0003\000.\0001\0001\000.\0001\000.\0007\000\040\000O\000l\000e\000d\000F\000i\000l\000l\000R\000e\000c\000t\000\050\000\051}{subsection.3.11.1}% 147
\BOOKMARK [3][-]{subsubsection.3.11.1.8}{\376\377\0003\000.\0001\0001\000.\0001\000.\0008\000\040\000O\000l\000e\000d\000G\000e\000t\000B\000m\000p\000\050\000\051}{subsection.3.11.1}% 148
\BOOKMARK [3][-]{subsubsection.3.11.1.9}{\376\377\0003\000.\0001\0001\000.\0001\000.\0009\000\040\000O\000l\000e\000d\000G\000e\000t\000D\000r\000a\000w\000M\000o\000d\000e\000\050\000\051}{subsection.3.11.1}% 149
\BOOKMARK [3][-]{subsubsection.3.11.1.10}{\376\377\0003\000.\0001\0001\000.\0001\000.\0001\0000\000\040\000O\000l\000e\000d\000G\000e\000t\000P\000i\000x\000e\000l\000\050\000\051}{subsection.3.11.1}% 150
\BOOKMARK [3][-]{subsubsection.3.11.1.11}{\376\377\0003\000.\0001\0001\000.\0001\000.\0001\0001\000\040\000O\000l\000e\000d\000G\000e\000t\000P\000o\000s\000\050\000\051}{subsection.3.11.1}% 151
\BOOKMARK [3][-]{subsubsection.3.11.1.12}{\376\377\0003\000.\0001\0001\000.\0001\000.\0001\0002\000\040\000O\000l\000e\000d\000G\000e\000t\000S\000t\000d\000P\000a\000t\000t\000e\000r\000n\000\050\000\051}{subsection.3.11.1}% 152
\BOOKMARK [3][-]{subsubsection.3.11.1.13}{\376\377\0003\000.\0001\0001\000.\0001\000.\0001\0003\000\040\000O\000l\000e\000d\000L\000i\000n\000e\000T\000o\000\050\000\051}{subsection.3.11.1}% 153
\BOOKMARK [3][-]{subsubsection.3.11.1.14}{\376\377\0003\000.\0001\0001\000.\0001\000.\0001\0004\000\040\000O\000l\000e\000d\000M\000o\000v\000e\000D\000o\000w\000n\000\050\000\051}{subsection.3.11.1}% 154
\BOOKMARK [3][-]{subsubsection.3.11.1.15}{\376\377\0003\000.\0001\0001\000.\0001\000.\0001\0005\000\040\000O\000l\000e\000d\000M\000o\000v\000e\000L\000e\000f\000t\000\050\000\051}{subsection.3.11.1}% 155
\BOOKMARK [3][-]{subsubsection.3.11.1.16}{\376\377\0003\000.\0001\0001\000.\0001\000.\0001\0006\000\040\000O\000l\000e\000d\000M\000o\000v\000e\000R\000i\000g\000h\000t\000\050\000\051}{subsection.3.11.1}% 156
\BOOKMARK [3][-]{subsubsection.3.11.1.17}{\376\377\0003\000.\0001\0001\000.\0001\000.\0001\0007\000\040\000O\000l\000e\000d\000M\000o\000v\000e\000T\000o\000\050\000\051}{subsection.3.11.1}% 157
\BOOKMARK [3][-]{subsubsection.3.11.1.18}{\376\377\0003\000.\0001\0001\000.\0001\000.\0001\0008\000\040\000O\000l\000e\000d\000M\000o\000v\000e\000U\000p\000\050\000\051}{subsection.3.11.1}% 158
\BOOKMARK [3][-]{subsubsection.3.11.1.19}{\376\377\0003\000.\0001\0001\000.\0001\000.\0001\0009\000\040\000O\000l\000e\000d\000P\000u\000t\000B\000m\000p\000\050\000\051}{subsection.3.11.1}% 159
\BOOKMARK [3][-]{subsubsection.3.11.1.20}{\376\377\0003\000.\0001\0001\000.\0001\000.\0002\0000\000\040\000O\000l\000e\000d\000R\000o\000p\000A\000n\000d\000\050\000\051}{subsection.3.11.1}% 160
\BOOKMARK [3][-]{subsubsection.3.11.1.21}{\376\377\0003\000.\0001\0001\000.\0001\000.\0002\0001\000\040\000O\000l\000e\000d\000R\000o\000p\000O\000r\000\050\000\051}{subsection.3.11.1}% 161
\BOOKMARK [3][-]{subsubsection.3.11.1.22}{\376\377\0003\000.\0001\0001\000.\0001\000.\0002\0002\000\040\000O\000l\000e\000d\000R\000o\000p\000S\000e\000t\000\050\000\051}{subsection.3.11.1}% 162
\BOOKMARK [3][-]{subsubsection.3.11.1.23}{\376\377\0003\000.\0001\0001\000.\0001\000.\0002\0003\000\040\000O\000l\000e\000d\000R\000o\000p\000X\000o\000r\000\050\000\051}{subsection.3.11.1}% 163
\BOOKMARK [3][-]{subsubsection.3.11.1.24}{\376\377\0003\000.\0001\0001\000.\0001\000.\0002\0004\000\040\000O\000l\000e\000d\000S\000e\000t\000D\000r\000a\000w\000C\000o\000l\000o\000r\000\050\000\051}{subsection.3.11.1}% 164
\BOOKMARK [3][-]{subsubsection.3.11.1.25}{\376\377\0003\000.\0001\0001\000.\0001\000.\0002\0005\000\040\000O\000l\000e\000d\000S\000e\000t\000D\000r\000a\000w\000M\000o\000d\000e\000\050\000\051}{subsection.3.11.1}% 165
\BOOKMARK [3][-]{subsubsection.3.11.1.26}{\376\377\0003\000.\0001\0001\000.\0001\000.\0002\0006\000\040\000O\000l\000e\000d\000S\000e\000t\000F\000i\000l\000l\000P\000a\000t\000t\000e\000r\000n\000\050\000\051}{subsection.3.11.1}% 166
\BOOKMARK [2][-]{subsection.3.11.2}{\376\377\0003\000.\0001\0001\000.\0002\000\040\000V\000a\000r\000i\000a\000b\000l\000e\000\040\000D\000o\000c\000u\000m\000e\000n\000t\000a\000t\000i\000o\000n}{section.3.11}% 167
\BOOKMARK [3][-]{subsubsection.3.11.2.1}{\376\377\0003\000.\0001\0001\000.\0002\000.\0001\000\040\000b\000n\000O\000l\000e\000d\000C\000u\000r}{subsection.3.11.2}% 168
\BOOKMARK [3][-]{subsubsection.3.11.2.2}{\376\377\0003\000.\0001\0001\000.\0002\000.\0002\000\040\000c\000l\000r\000O\000l\000e\000d\000C\000u\000r}{subsection.3.11.2}% 169
\BOOKMARK [3][-]{subsubsection.3.11.2.3}{\376\377\0003\000.\0001\0001\000.\0002\000.\0003\000\040\000d\000x\000c\000o\000O\000l\000e\000d\000F\000o\000n\000t\000C\000u\000r}{subsection.3.11.2}% 170
\BOOKMARK [3][-]{subsubsection.3.11.2.4}{\376\377\0003\000.\0001\0001\000.\0002\000.\0004\000\040\000d\000y\000c\000o\000O\000l\000e\000d\000F\000o\000n\000t\000C\000u\000r}{subsection.3.11.2}% 171
\BOOKMARK [3][-]{subsubsection.3.11.2.5}{\376\377\0003\000.\0001\0001\000.\0002\000.\0005\000\040\000m\000o\000d\000O\000l\000e\000d\000C\000u\000r}{subsection.3.11.2}% 172
\BOOKMARK [3][-]{subsubsection.3.11.2.6}{\376\377\0003\000.\0001\0001\000.\0002\000.\0006\000\040\000p\000b\000O\000l\000e\000d\000C\000u\000r}{subsection.3.11.2}% 173
\BOOKMARK [3][-]{subsubsection.3.11.2.7}{\376\377\0003\000.\0001\0001\000.\0002\000.\0007\000\040\000p\000b\000O\000l\000e\000d\000F\000o\000n\000t\000C\000u\000r}{subsection.3.11.2}% 174
\BOOKMARK [3][-]{subsubsection.3.11.2.8}{\376\377\0003\000.\0001\0001\000.\0002\000.\0008\000\040\000p\000b\000O\000l\000e\000d\000F\000o\000n\000t\000U\000s\000e\000r}{subsection.3.11.2}% 175
\BOOKMARK [3][-]{subsubsection.3.11.2.9}{\376\377\0003\000.\0001\0001\000.\0002\000.\0009\000\040\000p\000b\000O\000l\000e\000d\000P\000a\000t\000C\000u\000r}{subsection.3.11.2}% 176
\BOOKMARK [3][-]{subsubsection.3.11.2.10}{\376\377\0003\000.\0001\0001\000.\0002\000.\0001\0000\000\040\000p\000f\000n\000D\000o\000R\000o\000p}{subsection.3.11.2}% 177
\BOOKMARK [3][-]{subsubsection.3.11.2.11}{\376\377\0003\000.\0001\0001\000.\0002\000.\0001\0001\000\040\000r\000g\000b\000F\000i\000l\000l\000P\000a\000t}{subsection.3.11.2}% 178
\BOOKMARK [3][-]{subsubsection.3.11.2.12}{\376\377\0003\000.\0001\0001\000.\0002\000.\0001\0002\000\040\000r\000g\000b\000O\000l\000e\000d\000B\000m\000p}{subsection.3.11.2}% 179
\BOOKMARK [3][-]{subsubsection.3.11.2.13}{\376\377\0003\000.\0001\0001\000.\0002\000.\0001\0003\000\040\000x\000c\000o\000O\000l\000e\000d\000C\000u\000r}{subsection.3.11.2}% 180
\BOOKMARK [3][-]{subsubsection.3.11.2.14}{\376\377\0003\000.\0001\0001\000.\0002\000.\0001\0004\000\040\000y\000c\000o\000O\000l\000e\000d\000C\000u\000r}{subsection.3.11.2}% 181
\BOOKMARK [1][-]{section.3.12}{\376\377\0003\000.\0001\0002\000\040\000s\000r\000c\000/\000O\000L\000E\000D\000/\000O\000l\000e\000d\000G\000r\000p\000h\000.\000h\000\040\000F\000i\000l\000e\000\040\000R\000e\000f\000e\000r\000e\000n\000c\000e}{chapter.3}% 182
\BOOKMARK [2][-]{subsection.3.12.1}{\376\377\0003\000.\0001\0002\000.\0001\000\040\000F\000u\000n\000c\000t\000i\000o\000n\000\040\000D\000o\000c\000u\000m\000e\000n\000t\000a\000t\000i\000o\000n}{section.3.12}% 183
\BOOKMARK [3][-]{subsubsection.3.12.1.1}{\376\377\0003\000.\0001\0002\000.\0001\000.\0001\000\040\000O\000l\000e\000d\000D\000r\000a\000w\000C\000h\000a\000r\000\050\000\051}{subsection.3.12.1}% 184
\BOOKMARK [3][-]{subsubsection.3.12.1.2}{\376\377\0003\000.\0001\0002\000.\0001\000.\0002\000\040\000O\000l\000e\000d\000D\000r\000a\000w\000P\000i\000x\000e\000l\000\050\000\051}{subsection.3.12.1}% 185
\BOOKMARK [3][-]{subsubsection.3.12.1.3}{\376\377\0003\000.\0001\0002\000.\0001\000.\0003\000\040\000O\000l\000e\000d\000D\000r\000a\000w\000R\000e\000c\000t\000\050\000\051}{subsection.3.12.1}% 186
\BOOKMARK [3][-]{subsubsection.3.12.1.4}{\376\377\0003\000.\0001\0002\000.\0001\000.\0004\000\040\000O\000l\000e\000d\000D\000r\000a\000w\000S\000t\000r\000i\000n\000g\000\050\000\051}{subsection.3.12.1}% 187
\BOOKMARK [3][-]{subsubsection.3.12.1.5}{\376\377\0003\000.\0001\0002\000.\0001\000.\0005\000\040\000O\000l\000e\000d\000F\000i\000l\000l\000R\000e\000c\000t\000\050\000\051}{subsection.3.12.1}% 188
\BOOKMARK [3][-]{subsubsection.3.12.1.6}{\376\377\0003\000.\0001\0002\000.\0001\000.\0006\000\040\000O\000l\000e\000d\000G\000e\000t\000B\000m\000p\000\050\000\051}{subsection.3.12.1}% 189
\BOOKMARK [3][-]{subsubsection.3.12.1.7}{\376\377\0003\000.\0001\0002\000.\0001\000.\0007\000\040\000O\000l\000e\000d\000G\000e\000t\000D\000r\000a\000w\000M\000o\000d\000e\000\050\000\051}{subsection.3.12.1}% 190
\BOOKMARK [3][-]{subsubsection.3.12.1.8}{\376\377\0003\000.\0001\0002\000.\0001\000.\0008\000\040\000O\000l\000e\000d\000G\000e\000t\000P\000i\000x\000e\000l\000\050\000\051}{subsection.3.12.1}% 191
\BOOKMARK [3][-]{subsubsection.3.12.1.9}{\376\377\0003\000.\0001\0002\000.\0001\000.\0009\000\040\000O\000l\000e\000d\000G\000e\000t\000P\000o\000s\000\050\000\051}{subsection.3.12.1}% 192
\BOOKMARK [3][-]{subsubsection.3.12.1.10}{\376\377\0003\000.\0001\0002\000.\0001\000.\0001\0000\000\040\000O\000l\000e\000d\000G\000e\000t\000S\000t\000d\000P\000a\000t\000t\000e\000r\000n\000\050\000\051}{subsection.3.12.1}% 193
\BOOKMARK [3][-]{subsubsection.3.12.1.11}{\376\377\0003\000.\0001\0002\000.\0001\000.\0001\0001\000\040\000O\000l\000e\000d\000L\000i\000n\000e\000T\000o\000\050\000\051}{subsection.3.12.1}% 194
\BOOKMARK [3][-]{subsubsection.3.12.1.12}{\376\377\0003\000.\0001\0002\000.\0001\000.\0001\0002\000\040\000O\000l\000e\000d\000M\000o\000v\000e\000T\000o\000\050\000\051}{subsection.3.12.1}% 195
\BOOKMARK [3][-]{subsubsection.3.12.1.13}{\376\377\0003\000.\0001\0002\000.\0001\000.\0001\0003\000\040\000O\000l\000e\000d\000P\000u\000t\000B\000m\000p\000\050\000\051}{subsection.3.12.1}% 196
\BOOKMARK [3][-]{subsubsection.3.12.1.14}{\376\377\0003\000.\0001\0002\000.\0001\000.\0001\0004\000\040\000O\000l\000e\000d\000S\000e\000t\000D\000r\000a\000w\000C\000o\000l\000o\000r\000\050\000\051}{subsection.3.12.1}% 197
\BOOKMARK [3][-]{subsubsection.3.12.1.15}{\376\377\0003\000.\0001\0002\000.\0001\000.\0001\0005\000\040\000O\000l\000e\000d\000S\000e\000t\000D\000r\000a\000w\000M\000o\000d\000e\000\050\000\051}{subsection.3.12.1}% 198
\BOOKMARK [3][-]{subsubsection.3.12.1.16}{\376\377\0003\000.\0001\0002\000.\0001\000.\0001\0006\000\040\000O\000l\000e\000d\000S\000e\000t\000F\000i\000l\000l\000P\000a\000t\000t\000e\000r\000n\000\050\000\051}{subsection.3.12.1}% 199
\BOOKMARK [1][-]{section.3.13}{\376\377\0003\000.\0001\0003\000\040\000s\000r\000c\000/\000O\000L\000E\000D\000/\000S\000P\000I\000.\000c\000\040\000F\000i\000l\000e\000\040\000R\000e\000f\000e\000r\000e\000n\000c\000e}{chapter.3}% 200
\BOOKMARK [2][-]{subsection.3.13.1}{\376\377\0003\000.\0001\0003\000.\0001\000\040\000F\000u\000n\000c\000t\000i\000o\000n\000\040\000D\000o\000c\000u\000m\000e\000n\000t\000a\000t\000i\000o\000n}{section.3.13}% 201
\BOOKMARK [3][-]{subsubsection.3.13.1.1}{\376\377\0003\000.\0001\0003\000.\0001\000.\0001\000\040\000O\000l\000e\000d\000P\000u\000t\000B\000u\000f\000f\000e\000r\000\050\000\051}{subsection.3.13.1}% 202
\BOOKMARK [3][-]{subsubsection.3.13.1.2}{\376\377\0003\000.\0001\0003\000.\0001\000.\0002\000\040\000S\000p\000i\0002\000P\000u\000t\000B\000y\000t\000e\000\050\000\051}{subsection.3.13.1}% 203
\BOOKMARK [1][-]{section.3.14}{\376\377\0003\000.\0001\0004\000\040\000s\000r\000c\000/\000U\000A\000R\000T\000.\000c\000\040\000F\000i\000l\000e\000\040\000R\000e\000f\000e\000r\000e\000n\000c\000e}{chapter.3}% 204
\BOOKMARK [2][-]{subsection.3.14.1}{\376\377\0003\000.\0001\0004\000.\0001\000\040\000F\000u\000n\000c\000t\000i\000o\000n\000\040\000D\000o\000c\000u\000m\000e\000n\000t\000a\000t\000i\000o\000n}{section.3.14}% 205
\BOOKMARK [3][-]{subsubsection.3.14.1.1}{\376\377\0003\000.\0001\0004\000.\0001\000.\0001\000\040\000U\000A\000R\000T\0004\000\137\000g\000e\000t\000c\000\050\000\051}{subsection.3.14.1}% 206
\BOOKMARK [3][-]{subsubsection.3.14.1.2}{\376\377\0003\000.\0001\0004\000.\0001\000.\0002\000\040\000U\000A\000R\000T\0004\000\137\000i\000n\000i\000t\000\050\000\051}{subsection.3.14.1}% 207
\BOOKMARK [3][-]{subsubsection.3.14.1.3}{\376\377\0003\000.\0001\0004\000.\0001\000.\0003\000\040\000U\000A\000R\000T\0004\000\137\000p\000u\000t\000c\000\050\000\051}{subsection.3.14.1}% 208
\BOOKMARK [3][-]{subsubsection.3.14.1.4}{\376\377\0003\000.\0001\0004\000.\0001\000.\0004\000\040\000U\000A\000R\000T\0004\000\137\000p\000u\000t\000s\000\050\000\051}{subsection.3.14.1}% 209
\BOOKMARK [1][-]{section.3.15}{\376\377\0003\000.\0001\0005\000\040\000s\000r\000c\000/\000U\000A\000R\000T\000.\000h\000\040\000F\000i\000l\000e\000\040\000R\000e\000f\000e\000r\000e\000n\000c\000e}{chapter.3}% 210
\BOOKMARK [2][-]{subsection.3.15.1}{\376\377\0003\000.\0001\0005\000.\0001\000\040\000F\000u\000n\000c\000t\000i\000o\000n\000\040\000D\000o\000c\000u\000m\000e\000n\000t\000a\000t\000i\000o\000n}{section.3.15}% 211
\BOOKMARK [3][-]{subsubsection.3.15.1.1}{\376\377\0003\000.\0001\0005\000.\0001\000.\0001\000\040\000U\000A\000R\000T\0004\000\137\000g\000e\000t\000c\000\050\000\051}{subsection.3.15.1}% 212
\BOOKMARK [3][-]{subsubsection.3.15.1.2}{\376\377\0003\000.\0001\0005\000.\0001\000.\0002\000\040\000U\000A\000R\000T\0004\000\137\000i\000n\000i\000t\000\050\000\051}{subsection.3.15.1}% 213
\BOOKMARK [3][-]{subsubsection.3.15.1.3}{\376\377\0003\000.\0001\0005\000.\0001\000.\0003\000\040\000U\000A\000R\000T\0004\000\137\000p\000u\000t\000c\000\050\000\051}{subsection.3.15.1}% 214
\BOOKMARK [3][-]{subsubsection.3.15.1.4}{\376\377\0003\000.\0001\0005\000.\0001\000.\0004\000\040\000U\000A\000R\000T\0004\000\137\000p\000u\000t\000s\000\050\000\051}{subsection.3.15.1}% 215
\BOOKMARK [1][-]{section.3.16}{\376\377\0003\000.\0001\0006\000\040\000s\000r\000c\000/\000u\000s\000e\000r\000.\000c\000\040\000F\000i\000l\000e\000\040\000R\000e\000f\000e\000r\000e\000n\000c\000e}{chapter.3}% 216
\BOOKMARK [2][-]{subsection.3.16.1}{\376\377\0003\000.\0001\0006\000.\0001\000\040\000D\000e\000t\000a\000i\000l\000e\000d\000\040\000D\000e\000s\000c\000r\000i\000p\000t\000i\000o\000n}{section.3.16}% 217
\BOOKMARK [2][-]{subsection.3.16.2}{\376\377\0003\000.\0001\0006\000.\0002\000\040\000F\000u\000n\000c\000t\000i\000o\000n\000\040\000D\000o\000c\000u\000m\000e\000n\000t\000a\000t\000i\000o\000n}{section.3.16}% 218
\BOOKMARK [3][-]{subsubsection.3.16.2.1}{\376\377\0003\000.\0001\0006\000.\0002\000.\0001\000\040\000d\000e\000l\000a\000y\000M\000s\000\050\000\051}{subsection.3.16.2}% 219
\BOOKMARK [3][-]{subsubsection.3.16.2.2}{\376\377\0003\000.\0001\0006\000.\0002\000.\0002\000\040\000i\000n\000i\000t\000\137\000s\000e\000r\000v\000o\000\050\000\051}{subsection.3.16.2}% 220
\BOOKMARK [3][-]{subsubsection.3.16.2.3}{\376\377\0003\000.\0001\0006\000.\0002\000.\0003\000\040\000i\000n\000i\000t\000G\000P\000I\000O\000\050\000\051}{subsection.3.16.2}% 221
\BOOKMARK [3][-]{subsubsection.3.16.2.4}{\376\377\0003\000.\0001\0006\000.\0002\000.\0004\000\040\000s\000e\000t\000\137\000a\000n\000g\000l\000e\000\050\000\051}{subsection.3.16.2}% 222
\BOOKMARK [0][-]{section*.24}{\376\377\000I\000n\000d\000e\000x}{}% 223
